<?xml version="1.0" encoding="UTF-8"?>
<!-- Generated by org.testng.reporters.JUnitReportReporter -->
<testsuite hostname="Tannaz" failures="0" tests="1" name="testrun_package.testrun_class" time="20.989" errors="0" timestamp="2023-09-12T11:51:07 EDT" skipped="0">
  <testcase classname="testrun_package.testrun_class" name="feature" time="20.989"/>
</testsuite> <!-- testrun_package.testrun_class -->
